--- adb starting (pid 210) ---
adb I 04-14 13:10:37   210   210 main.cpp:57] Android Debug Bridge version 1.0.39
adb I 04-14 13:10:37   210   210 main.cpp:57] Version 0.0.1-4500957
adb I 04-14 13:10:37   210   210 main.cpp:57] Installed as /opt/android-sdk-linux/platform-tools/adb
adb I 04-14 13:10:37   210   210 main.cpp:57] 
adb I 04-14 13:10:37   210   210 adb_auth_host.cpp:416] adb_auth_init...
adb I 04-14 13:10:37   210   210 adb_auth_host.cpp:262] User key '/root/.android/adbkey' does not exist...
adb I 04-14 13:10:37   210   210 adb_auth_host.cpp:109] generate_key(/root/.android/adbkey)...
adb I 04-14 13:10:38   210   210 adb_auth_host.cpp:77] write_public_keyfile...
adb I 04-14 13:10:38   210   210 adb_auth_host.cpp:56] get_user_info...
adb I 04-14 13:10:38   210   210 adb_auth_host.cpp:174] read_key_file '/root/.android/adbkey'...
adb I 04-14 13:10:38   210   210 adb_auth_host.cpp:391] adb_auth_inotify_init...
--- adb starting (pid 210) ---
adb I 04-14 13:16:19   210   210 main.cpp:57] Android Debug Bridge version 1.0.39
adb I 04-14 13:16:19   210   210 main.cpp:57] Version 0.0.1-4500957
adb I 04-14 13:16:19   210   210 main.cpp:57] Installed as /opt/android-sdk-linux/platform-tools/adb
adb I 04-14 13:16:19   210   210 main.cpp:57] 
adb I 04-14 13:16:19   210   210 adb_auth_host.cpp:416] adb_auth_init...
adb I 04-14 13:16:19   210   210 adb_auth_host.cpp:262] User key '/root/.android/adbkey' does not exist...
adb I 04-14 13:16:19   210   210 adb_auth_host.cpp:109] generate_key(/root/.android/adbkey)...
adb I 04-14 13:16:19   210   210 adb_auth_host.cpp:77] write_public_keyfile...
adb I 04-14 13:16:19   210   210 adb_auth_host.cpp:56] get_user_info...
adb I 04-14 13:16:19   210   210 adb_auth_host.cpp:174] read_key_file '/root/.android/adbkey'...
adb I 04-14 13:16:19   210   210 adb_auth_host.cpp:391] adb_auth_inotify_init...
--- adb starting (pid 210) ---
adb I 04-14 13:18:37   210   210 main.cpp:57] Android Debug Bridge version 1.0.39
adb I 04-14 13:18:37   210   210 main.cpp:57] Version 0.0.1-4500957
adb I 04-14 13:18:37   210   210 main.cpp:57] Installed as /opt/android-sdk-linux/platform-tools/adb
adb I 04-14 13:18:37   210   210 main.cpp:57] 
adb I 04-14 13:18:37   210   210 adb_auth_host.cpp:416] adb_auth_init...
adb I 04-14 13:18:37   210   210 adb_auth_host.cpp:262] User key '/root/.android/adbkey' does not exist...
adb I 04-14 13:18:37   210   210 adb_auth_host.cpp:109] generate_key(/root/.android/adbkey)...
adb I 04-14 13:18:37   210   210 adb_auth_host.cpp:77] write_public_keyfile...
adb I 04-14 13:18:37   210   210 adb_auth_host.cpp:56] get_user_info...
adb I 04-14 13:18:37   210   210 adb_auth_host.cpp:174] read_key_file '/root/.android/adbkey'...
adb I 04-14 13:18:37   210   210 adb_auth_host.cpp:391] adb_auth_inotify_init...
--- adb starting (pid 210) ---
adb I 04-14 14:00:23   210   210 main.cpp:57] Android Debug Bridge version 1.0.39
adb I 04-14 14:00:23   210   210 main.cpp:57] Version 0.0.1-4500957
adb I 04-14 14:00:23   210   210 main.cpp:57] Installed as /opt/android-sdk-linux/platform-tools/adb
adb I 04-14 14:00:23   210   210 main.cpp:57] 
adb I 04-14 14:00:23   210   210 adb_auth_host.cpp:416] adb_auth_init...
adb I 04-14 14:00:23   210   210 adb_auth_host.cpp:262] User key '/root/.android/adbkey' does not exist...
adb I 04-14 14:00:23   210   210 adb_auth_host.cpp:109] generate_key(/root/.android/adbkey)...
adb I 04-14 14:00:23   210   210 adb_auth_host.cpp:77] write_public_keyfile...
adb I 04-14 14:00:23   210   210 adb_auth_host.cpp:56] get_user_info...
adb I 04-14 14:00:23   210   210 adb_auth_host.cpp:174] read_key_file '/root/.android/adbkey'...
adb I 04-14 14:00:23   210   210 adb_auth_host.cpp:391] adb_auth_inotify_init...
--- adb starting (pid 158) ---
adb I 04-14 14:03:55   158   158 main.cpp:57] Android Debug Bridge version 1.0.39
adb I 04-14 14:03:55   158   158 main.cpp:57] Version 0.0.1-4500957
adb I 04-14 14:03:55   158   158 main.cpp:57] Installed as /opt/android-sdk-linux/platform-tools/adb
adb I 04-14 14:03:55   158   158 main.cpp:57] 
adb I 04-14 14:03:55   158   158 adb_auth_host.cpp:416] adb_auth_init...
adb I 04-14 14:03:55   158   158 adb_auth_host.cpp:262] User key '/root/.android/adbkey' does not exist...
adb I 04-14 14:03:55   158   158 adb_auth_host.cpp:109] generate_key(/root/.android/adbkey)...
adb I 04-14 14:03:55   158   158 adb_auth_host.cpp:77] write_public_keyfile...
adb I 04-14 14:03:55   158   158 adb_auth_host.cpp:56] get_user_info...
adb I 04-14 14:03:55   158   158 adb_auth_host.cpp:174] read_key_file '/root/.android/adbkey'...
adb I 04-14 14:03:55   158   158 adb_auth_host.cpp:391] adb_auth_inotify_init...
